# JRE version: OpenJDK Runtime Environment (8.0_212-b04) (build 1.8.0_212-release-1586-b04)
# Java VM: OpenJDK 64-Bit Server VM (25.212-b04 mixed mode windows-amd64 compressed oops)
Heap:
 PSYoungGen      total 70656K, used 56499K [0x00000000e0000000, 0x00000000e5000000, 0x0000000100000000)
  eden space 60416K, 84% used [0x00000000e0000000,0x00000000e31d9a70,0x00000000e3b00000)
  from space 10240K, 53% used [0x00000000e4600000,0x00000000e4b53428,0x00000000e5000000)
  to   space 10752K, 0% used [0x00000000e3b00000,0x00000000e3b00000,0x00000000e4580000)
 ParOldGen       total 54784K, used 9835K [0x00000000a0000000, 0x00000000a3580000, 0x00000000e0000000)
  object space 54784K, 17% used [0x00000000a0000000,0x00000000a099af60,0x00000000a3580000)
 Metaspace       used 31444K, capacity 32190K, committed 32512K, reserved 1077248K
  class space    used 4248K, capacity 4481K, committed 4608K, reserved 1048576K
GC Heap History (10 events):
Event: 25.641 GC heap before
{Heap before GC invocations=5 (full 0):
 PSYoungGen      total 38400K, used 38376K [0x00000000e0000000, 0x00000000e2a80000, 0x0000000100000000)
  eden space 33280K, 100% used [0x00000000e0000000,0x00000000e2080000,0x00000000e2080000)
  from space 5120K, 99% used [0x00000000e2580000,0x00000000e2a7a040,0x00000000e2a80000)
  to   space 5120K, 0% used [0x00000000e2080000,0x00000000e2080000,0x00000000e2580000)
 ParOldGen       total 87552K, used 4412K [0x00000000a0000000, 0x00000000a5580000, 0x00000000e0000000)
  object space 87552K, 5% used [0x00000000a0000000,0x00000000a044f038,0x00000000a5580000)
 Metaspace       used 17867K, capacity 18364K, committed 18688K, reserved 1064960K
  class space    used 2548K, capacity 2696K, committed 2816K, reserved 1048576K
Event: 25.713 GC heap after
Heap after GC invocations=5 (full 0):
 PSYoungGen      total 38400K, used 5112K [0x00000000e0000000, 0x00000000e2a80000, 0x0000000100000000)
  eden space 33280K, 0% used [0x00000000e0000000,0x00000000e0000000,0x00000000e2080000)
  from space 5120K, 99% used [0x00000000e2080000,0x00000000e257e030,0x00000000e2580000)
  to   space 5120K, 0% used [0x00000000e2580000,0x00000000e2580000,0x00000000e2a80000)
 ParOldGen       total 87552K, used 8180K [0x00000000a0000000, 0x00000000a5580000, 0x00000000e0000000)
  object space 87552K, 9% used [0x00000000a0000000,0x00000000a07fd198,0x00000000a5580000)
 Metaspace       used 17867K, capacity 18364K, committed 18688K, reserved 1064960K
  class space    used 2548K, capacity 2696K, committed 2816K, reserved 1048576K
}
Event: 27.135 GC heap before
{Heap before GC invocations=6 (full 0):
 PSYoungGen      total 38400K, used 33109K [0x00000000e0000000, 0x00000000e2a80000, 0x0000000100000000)
  eden space 33280K, 84% used [0x00000000e0000000,0x00000000e1b57698,0x00000000e2080000)
  from space 5120K, 99% used [0x00000000e2080000,0x00000000e257e030,0x00000000e2580000)
  to   space 5120K, 0% used [0x00000000e2580000,0x00000000e2580000,0x00000000e2a80000)
 ParOldGen       total 87552K, used 8180K [0x00000000a0000000, 0x00000000a5580000, 0x00000000e0000000)
  object space 87552K, 9% used [0x00000000a0000000,0x00000000a07fd198,0x00000000a5580000)
 Metaspace       used 20642K, capacity 21212K, committed 21296K, reserved 1067008K
  class space    used 2978K, capacity 3139K, committed 3200K, reserved 1048576K
Event: 27.148 GC heap after
Heap after GC invocations=6 (full 0):
 PSYoungGen      total 38400K, used 5101K [0x00000000e0000000, 0x00000000e2a80000, 0x0000000100000000)
  eden space 33280K, 0% used [0x00000000e0000000,0x00000000e0000000,0x00000000e2080000)
  from space 5120K, 99% used [0x00000000e2580000,0x00000000e2a7b770,0x00000000e2a80000)
  to   space 5120K, 0% used [0x00000000e2080000,0x00000000e2080000,0x00000000e2580000)
 ParOldGen       total 87552K, used 11856K [0x00000000a0000000, 0x00000000a5580000, 0x00000000e0000000)
  object space 87552K, 13% used [0x00000000a0000000,0x00000000a0b943e8,0x00000000a5580000)
 Metaspace       used 20642K, capacity 21212K, committed 21296K, reserved 1067008K
  class space    used 2978K, capacity 3139K, committed 3200K, reserved 1048576K
}
Event: 27.148 GC heap before
{Heap before GC invocations=7 (full 1):
 PSYoungGen      total 38400K, used 5101K [0x00000000e0000000, 0x00000000e2a80000, 0x0000000100000000)
  eden space 33280K, 0% used [0x00000000e0000000,0x00000000e0000000,0x00000000e2080000)
  from space 5120K, 99% used [0x00000000e2580000,0x00000000e2a7b770,0x00000000e2a80000)
  to   space 5120K, 0% used [0x00000000e2080000,0x00000000e2080000,0x00000000e2580000)
 ParOldGen       total 87552K, used 11856K [0x00000000a0000000, 0x00000000a5580000, 0x00000000e0000000)
  object space 87552K, 13% used [0x00000000a0000000,0x00000000a0b943e8,0x00000000a5580000)
 Metaspace       used 20642K, capacity 21212K, committed 21296K, reserved 1067008K
  class space    used 2978K, capacity 3139K, committed 3200K, reserved 1048576K
Event: 27.234 GC heap after
Heap after GC invocations=7 (full 1):
 PSYoungGen      total 38400K, used 0K [0x00000000e0000000, 0x00000000e2a80000, 0x0000000100000000)
  eden space 33280K, 0% used [0x00000000e0000000,0x00000000e0000000,0x00000000e2080000)
  from space 5120K, 0% used [0x00000000e2580000,0x00000000e2580000,0x00000000e2a80000)
  to   space 5120K, 0% used [0x00000000e2080000,0x00000000e2080000,0x00000000e2580000)
 ParOldGen       total 54784K, used 9819K [0x00000000a0000000, 0x00000000a3580000, 0x00000000e0000000)
  object space 54784K, 17% used [0x00000000a0000000,0x00000000a0996f60,0x00000000a3580000)
 Metaspace       used 20642K, capacity 21212K, committed 21296K, reserved 1067008K
  class space    used 2978K, capacity 3139K, committed 3200K, reserved 1048576K
}
Event: 28.556 GC heap before
{Heap before GC invocations=8 (full 1):
 PSYoungGen      total 38400K, used 33280K [0x00000000e0000000, 0x00000000e2a80000, 0x0000000100000000)
  eden space 33280K, 100% used [0x00000000e0000000,0x00000000e2080000,0x00000000e2080000)
  from space 5120K, 0% used [0x00000000e2580000,0x00000000e2580000,0x00000000e2a80000)
  to   space 5120K, 0% used [0x00000000e2080000,0x00000000e2080000,0x00000000e2580000)
 ParOldGen       total 54784K, used 9819K [0x00000000a0000000, 0x00000000a3580000, 0x00000000e0000000)
  object space 54784K, 17% used [0x00000000a0000000,0x00000000a0996f60,0x00000000a3580000)
 Metaspace       used 26301K, capacity 26872K, committed 27136K, reserved 1073152K
  class space    used 3535K, capacity 3723K, committed 3840K, reserved 1048576K
Event: 28.563 GC heap after
Heap after GC invocations=8 (full 1):
 PSYoungGen      total 38400K, used 4876K [0x00000000e0000000, 0x00000000e5100000, 0x0000000100000000)
  eden space 33280K, 0% used [0x00000000e0000000,0x00000000e0000000,0x00000000e2080000)
  from space 5120K, 95% used [0x00000000e2080000,0x00000000e2543050,0x00000000e2580000)
  to   space 11264K, 0% used [0x00000000e4600000,0x00000000e4600000,0x00000000e5100000)
 ParOldGen       total 54784K, used 9827K [0x00000000a0000000, 0x00000000a3580000, 0x00000000e0000000)
  object space 54784K, 17% used [0x00000000a0000000,0x00000000a0998f60,0x00000000a3580000)
 Metaspace       used 26301K, capacity 26872K, committed 27136K, reserved 1073152K
  class space    used 3535K, capacity 3723K, committed 3840K, reserved 1048576K
}
Event: 29.222 GC heap before
{Heap before GC invocations=9 (full 1):
 PSYoungGen      total 38400K, used 38156K [0x00000000e0000000, 0x00000000e5100000, 0x0000000100000000)
  eden space 33280K, 100% used [0x00000000e0000000,0x00000000e2080000,0x00000000e2080000)
  from space 5120K, 95% used [0x00000000e2080000,0x00000000e2543050,0x00000000e2580000)
  to   space 11264K, 0% used [0x00000000e4600000,0x00000000e4600000,0x00000000e5100000)
 ParOldGen       total 54784K, used 9827K [0x00000000a0000000, 0x00000000a3580000, 0x00000000e0000000)
  object space 54784K, 17% used [0x00000000a0000000,0x00000000a0998f60,0x00000000a3580000)
 Metaspace       used 28403K, capacity 29028K, committed 29184K, reserved 1075200K
  class space    used 3884K, capacity 4077K, committed 4096K, reserved 1048576K
Event: 29.231 GC heap after
Heap after GC invocations=9 (full 1):
 PSYoungGen      total 70656K, used 5453K [0x00000000e0000000, 0x00000000e5000000, 0x0000000100000000)
  eden space 60416K, 0% used [0x00000000e0000000,0x00000000e0000000,0x00000000e3b00000)
  from space 10240K, 53% used [0x00000000e4600000,0x00000000e4b53428,0x00000000e5000000)
  to   space 10752K, 0% used [0x00000000e3b00000,0x00000000e3b00000,0x00000000e4580000)
 ParOldGen       total 54784K, used 9835K [0x00000000a0000000, 0x00000000a3580000, 0x00000000e0000000)
  object space 54784K, 17% used [0x00000000a0000000,0x00000000a099af60,0x00000000a3580000)
 Metaspace       used 28403K, capacity 29028K, committed 29184K, reserved 1075200K
  class space    used 3884K, capacity 4077K, committed 4096K, reserved 1048576K
}

